2023-06-30T16:36:29+09:00
完了しました
2023-06-30T16:38:56+09:00
完了しました
2023-06-30T16:39:32+09:00
完了しました
2023-06-30T16:39:57+09:00
完了しました
2023-06-30T16:42:50+09:00
完了しました
2023-06-30T16:49:09+09:00
完了しました
2023-06-30T16:49:26+09:00
完了しました
2023-06-30T16:49:29+09:00
完了しました
2023-06-30T16:49:30+09:00
完了しました
2023-06-30T16:53:33+09:00
完了しました
2023-06-30T16:55:03+09:00
完了しました
2023-06-30T16:58:43+09:00
完了しました
2023-06-30T18:22:21+09:00
EOF
2023-06-30T18:22:49+09:00
[code]
tokenの取得に失敗しました[/code]

2023-06-30T18:25:21+09:00
完了しました
2023-06-30T18:25:31+09:00
完了しました
2023-06-30T18:26:25+09:00
完了しました
2023-06-30T18:26:34+09:00
完了しました
2023-06-30T18:26:41+09:00
完了しました
2023-06-30T18:28:27+09:00
完了しました
2023-06-30T18:29:14+09:00
完了しました
2023-06-30T18:34:59+09:00
完了しました
2023-06-30T18:40:29+09:00
完了しました
2023-06-30T18:40:33+09:00
完了しました
2023-06-30T18:41:04+09:00
完了しました
2023-06-30T18:41:22+09:00
完了しました
